0 info it worked if it ends with ok
1 verbose cli [ 'C:\\Program Files\\nodejs\\\\node.exe',
1 verbose cli   'C:\\Program Files\\nodejs\\node_modules\\npm\\bin\\npm-cli.js',
1 verbose cli   'install',
1 verbose cli   'grunt-conrib-concat',
1 verbose cli   '--save-dev' ]
2 info using npm@2.10.1
3 info using node@v0.12.4
4 verbose install initial load of C:\Users\hykang\Documents\GitHub\travel\package.json
5 warn package.json travel@1.0.0 No description
6 warn package.json travel@1.0.0 No README data
7 verbose installManyTop reading scoped package data from C:\Users\hykang\Documents\GitHub\travel\node_modules\grunt\package.json
8 info package.json grunt@0.4.5 No license field.
9 verbose readDependencies loading dependencies from C:\Users\hykang\Documents\GitHub\travel\package.json
10 silly cache add args [ 'grunt-conrib-concat', null ]
11 verbose cache add spec grunt-conrib-concat
12 silly cache add parsed spec { raw: 'grunt-conrib-concat',
12 silly cache add   scope: null,
12 silly cache add   name: 'grunt-conrib-concat',
12 silly cache add   rawSpec: '',
12 silly cache add   spec: '*',
12 silly cache add   type: 'range' }
13 silly addNamed grunt-conrib-concat@*
14 verbose addNamed "*" is a valid semver range for grunt-conrib-concat
15 silly addNameRange { name: 'grunt-conrib-concat', range: '*', hasData: false }
16 silly mapToRegistry name grunt-conrib-concat
17 silly mapToRegistry using default registry
18 silly mapToRegistry registry https://registry.npmjs.org/
19 silly mapToRegistry uri https://registry.npmjs.org/grunt-conrib-concat
20 verbose addNameRange registry:https://registry.npmjs.org/grunt-conrib-concat not in flight; fetching
21 verbose request uri https://registry.npmjs.org/grunt-conrib-concat
22 verbose request no auth needed
23 info attempt registry request try #1 at 12:26:42
24 verbose request id 339ba41e355fc20c
25 http request GET https://registry.npmjs.org/grunt-conrib-concat
26 http 404 https://registry.npmjs.org/grunt-conrib-concat
27 verbose headers { server: 'CouchDB/1.5.0 (Erlang OTP/R16B03)',
27 verbose headers   'content-type': 'application/json',
27 verbose headers   'cache-control': 'max-age=0',
27 verbose headers   'content-length': '51',
27 verbose headers   'accept-ranges': 'bytes',
27 verbose headers   date: 'Tue, 30 Jun 2015 03:26:44 GMT',
27 verbose headers   via: '1.1 varnish',
27 verbose headers   age: '0',
27 verbose headers   connection: 'keep-alive',
27 verbose headers   'x-served-by': 'cache-nrt6126-NRT',
27 verbose headers   'x-cache': 'MISS',
27 verbose headers   'x-cache-hits': '0',
27 verbose headers   'x-timer': 'S1435634803.998144,VS0,VE114' }
28 silly get cb [ 404,
28 silly get   { server: 'CouchDB/1.5.0 (Erlang OTP/R16B03)',
28 silly get     'content-type': 'application/json',
28 silly get     'cache-control': 'max-age=0',
28 silly get     'content-length': '51',
28 silly get     'accept-ranges': 'bytes',
28 silly get     date: 'Tue, 30 Jun 2015 03:26:44 GMT',
28 silly get     via: '1.1 varnish',
28 silly get     age: '0',
28 silly get     connection: 'keep-alive',
28 silly get     'x-served-by': 'cache-nrt6126-NRT',
28 silly get     'x-cache': 'MISS',
28 silly get     'x-cache-hits': '0',
28 silly get     'x-timer': 'S1435634803.998144,VS0,VE114' } ]
29 verbose stack Error: 404 Not Found: grunt-conrib-concat
29 verbose stack     at CachingRegistryClient.<anonymous> (C:\Program Files\nodejs\node_modules\npm\node_modules\npm-registry-client\lib\request.js:245:14)
29 verbose stack     at Request._callback (C:\Program Files\nodejs\node_modules\npm\node_modules\npm-registry-client\lib\request.js:170:14)
29 verbose stack     at Request.self.callback (C:\Program Files\nodejs\node_modules\npm\node_modules\request\request.js:368:22)
29 verbose stack     at Request.emit (events.js:110:17)
29 verbose stack     at Request.<anonymous> (C:\Program Files\nodejs\node_modules\npm\node_modules\request\request.js:1219:14)
29 verbose stack     at Request.emit (events.js:129:20)
29 verbose stack     at IncomingMessage.<anonymous> (C:\Program Files\nodejs\node_modules\npm\node_modules\request\request.js:1167:12)
29 verbose stack     at IncomingMessage.emit (events.js:129:20)
29 verbose stack     at _stream_readable.js:908:16
29 verbose stack     at process._tickCallback (node.js:355:11)
30 verbose statusCode 404
31 verbose pkgid grunt-conrib-concat
32 verbose cwd C:\Users\hykang\Documents\GitHub\travel
33 error Windows_NT 6.1.7601
34 error argv "C:\\Program Files\\nodejs\\\\node.exe" "C:\\Program Files\\nodejs\\node_modules\\npm\\bin\\npm-cli.js" "install" "grunt-conrib-concat" "--save-dev"
35 error node v0.12.4
36 error npm  v2.10.1
37 error code E404
38 error 404 Not Found: grunt-conrib-concat
38 error 404
38 error 404 'grunt-conrib-concat' is not in the npm registry.
38 error 404 You should bug the author to publish it (or use the name yourself!)
38 error 404 It was specified as a dependency of 'travel'
38 error 404
38 error 404 Note that you can also install from a
38 error 404 tarball, folder, http url, or git url.
39 verbose exit [ 1, true ]
